<?xml version="1.0" encoding="UTF-8"?>
<testsuite xmlns:xsi="http://www.w3.org/2001/XMLSchema-instance" xsi:noNamespaceSchemaLocation="https://maven.apache.org/surefire/maven-surefire-plugin/xsd/surefire-test-report-3.0.xsd" version="3.0" name="NubanGenerator.NubanGeneratorTest" time="0.597" tests="17" errors="17" skipped="0" failures="0">
  <properties>
[...]
</properties>
  <testcase name="shouldHandleCheckDigitCalculationWhenResultIs10" classname="NubanGenerator.NubanGeneratorTest" time="0.068">
    <error message="Unresolved compilation problems: &#10;	NubanGenerator cannot be resolved&#10;	NubanGenerator cannot be resolved&#10;	NubanGenerator cannot be resolved&#10;	NubanGenerator cannot be resolved&#10;	NubanGenerator cannot be resolved&#10;	NubanGenerator cannot be resolved&#10;	NubanGenerator cannot be resolved&#10;	NubanGenerator cannot be resolved&#10;	NubanGenerator cannot be resolved&#10;	NubanGenerator cannot be resolved&#10;	NubanGenerator cannot be resolved&#10;	NubanGenerator cannot be resolved&#10;	NubanGenerator cannot be resolved&#10;	NubanGenerator cannot be resolved&#10;	NubanGenerator cannot be resolved&#10;	NubanGenerator cannot be resolved&#10;	NubanGenerator cannot be resolved&#10;	NubanGenerator cannot be resolved&#10;	NubanGenerator cannot be resolved&#10;	NubanGenerator cannot be resolved&#10;	NubanGenerator cannot be resolved&#10;	NubanGenerator cannot be resolved&#10;	NubanGenerator cannot be resolved&#10;	NubanGenerator cannot be resolved&#10;	NubanGenerator cannot be resolved&#10;	NubanGenerator cannot be resolved&#10;	NubanGenerator cannot be resolved&#10;	NubanGenerator cannot be resolved&#10;	NubanGenerator cannot be resolved&#10;	NubanGenerator cannot be resolved&#10;	NubanGenerator cannot be resolved&#10;	NubanGenerator cannot be resolved&#10;	NubanGenerator cannot be resolved&#10;	NubanGenerator cannot be resolved&#10;	NubanGenerator cannot be resolved&#10;	NubanGenerator cannot be resolved&#10;	NubanGenerator cannot be resolved&#10;	NubanGenerator cannot be resolved&#10;	NubanGenerator cannot be resolved&#10;	NubanGenerator cannot be resolved&#10;	NubanGenerator cannot be resolved&#10;	NubanGenerator cannot be resolved&#10;	NubanGenerator cannot be resolved&#10;	NubanGenerator cannot be resolved&#10;	NubanGenerator cannot be resolved&#10;	NubanGenerator cannot be resolved&#10;	NubanGenerator cannot be resolved&#10;	NubanGenerator cannot be resolved&#10;	NubanGenerator cannot be resolved&#10;" type="java.lang.Error"><![CDATA[java.lang.Error: 
Unresolved compilation problems: 
	NubanGenerator cannot be resolved
	NubanGenerator cannot be resolved
	NubanGenerator cannot be resolved
	NubanGenerator cannot be resolved
	NubanGenerator cannot be resolved
	NubanGenerator cannot be resolved
	NubanGenerator cannot be resolved
	NubanGenerator cannot be resolved
	NubanGenerator cannot be resolved
	NubanGenerator cannot be resolved
	NubanGenerator cannot be resolved
	NubanGenerator cannot be resolved
	NubanGenerator cannot be resolved
	NubanGenerator cannot be resolved
	NubanGenerator cannot be resolved
	NubanGenerator cannot be resolved
	NubanGenerator cannot be resolved
	NubanGenerator cannot be resolved
	NubanGenerator cannot be resolved
	NubanGenerator cannot be resolved
	NubanGenerator cannot be resolved
	NubanGenerator cannot be resolved
	NubanGenerator cannot be resolved
	NubanGenerator cannot be resolved
	NubanGenerator cannot be resolved
	NubanGenerator cannot be resolved
	NubanGenerator cannot be resolved
	NubanGenerator cannot be resolved
	NubanGenerator cannot be resolved
	NubanGenerator cannot be resolved
	NubanGenerator cannot be resolved
	NubanGenerator cannot be resolved
	NubanGenerator cannot be resolved
	NubanGenerator cannot be resolved
	NubanGenerator cannot be resolved
	NubanGenerator cannot be resolved
	NubanGenerator cannot be resolved
	NubanGenerator cannot be resolved
	NubanGenerator cannot be resolved
	NubanGenerator cannot be resolved
	NubanGenerator cannot be resolved
	NubanGenerator cannot be resolved
	NubanGenerator cannot be resolved
	NubanGenerator cannot be resolved
	NubanGenerator cannot be resolved
	NubanGenerator cannot be resolved
	NubanGenerator cannot be resolved
	NubanGenerator cannot be resolved
	NubanGenerator cannot be resolved

	at NubanGenerator.NubanGeneratorTest.<init>(NubanGeneratorTest.java:13)
	at java.base/java.lang.reflect.Constructor.newInstanceWithCaller(Constructor.java:499)
	at java.base/java.lang.reflect.Constructor.newInstance(Constructor.java:483)
	at java.base/java.util.Optional.orElseGet(Optional.java:364)
	at java.base/java.util.ArrayList.forEach(ArrayList.java:1604)
	at java.base/java.util.ArrayList.forEach(ArrayList.java:1604)
]]></error>
  </testcase>
  <testcase name="shouldExtractBankCodeCorrectly" classname="NubanGenerator.NubanGeneratorTest" time="0.014">
    <error message="Unresolved compilation problems: &#10;	NubanGenerator cannot be resolved&#10;	NubanGenerator cannot be resolved&#10;	NubanGenerator cannot be resolved&#10;	NubanGenerator cannot be resolved&#10;	NubanGenerator cannot be resolved&#10;	NubanGenerator cannot be resolved&#10;	NubanGenerator cannot be resolved&#10;	NubanGenerator cannot be resolved&#10;	NubanGenerator cannot be resolved&#10;	NubanGenerator cannot be resolved&#10;	NubanGenerator cannot be resolved&#10;	NubanGenerator cannot be resolved&#10;	NubanGenerator cannot be resolved&#10;	NubanGenerator cannot be resolved&#10;	NubanGenerator cannot be resolved&#10;	NubanGenerator cannot be resolved&#10;	NubanGenerator cannot be resolved&#10;	NubanGenerator cannot be resolved&#10;	NubanGenerator cannot be resolved&#10;	NubanGenerator cannot be resolved&#10;	NubanGenerator cannot be resolved&#10;	NubanGenerator cannot be resolved&#10;	NubanGenerator cannot be resolved&#10;	NubanGenerator cannot be resolved&#10;	NubanGenerator cannot be resolved&#10;	NubanGenerator cannot be resolved&#10;	NubanGenerator cannot be resolved&#10;	NubanGenerator cannot be resolved&#10;	NubanGenerator cannot be resolved&#10;	NubanGenerator cannot be resolved&#10;	NubanGenerator cannot be resolved&#10;	NubanGenerator cannot be resolved&#10;	NubanGenerator cannot be resolved&#10;	NubanGenerator cannot be resolved&#10;	NubanGenerator cannot be resolved&#10;	NubanGenerator cannot be resolved&#10;	NubanGenerator cannot be resolved&#10;	NubanGenerator cannot be resolved&#10;	NubanGenerator cannot be resolved&#10;	NubanGenerator cannot be resolved&#10;	NubanGenerator cannot be resolved&#10;	NubanGenerator cannot be resolved&#10;	NubanGenerator cannot be resolved&#10;	NubanGenerator cannot be resolved&#10;	NubanGenerator cannot be resolved&#10;	NubanGenerator cannot be resolved&#10;	NubanGenerator cannot be resolved&#10;	NubanGenerator cannot be resolved&#10;	NubanGenerator cannot be resolved&#10;" type="java.lang.Error"><![CDATA[java.lang.Error: 
Unresolved compilation problems: 
	NubanGenerator cannot be resolved
	NubanGenerator cannot be resolved
	NubanGenerator cannot be resolved
	NubanGenerator cannot be resolved
	NubanGenerator cannot be resolved
	NubanGenerator cannot be resolved
	NubanGenerator cannot be resolved
	NubanGenerator cannot be resolved
	NubanGenerator cannot be resolved
	NubanGenerator cannot be resolved
	NubanGenerator cannot be resolved
	NubanGenerator cannot be resolved
	NubanGenerator cannot be resolved
	NubanGenerator cannot be resolved
	NubanGenerator cannot be resolved
	NubanGenerator cannot be resolved
	NubanGenerator cannot be resolved
	NubanGenerator cannot be resolved
	NubanGenerator cannot be resolved
	NubanGenerator cannot be resolved
	NubanGenerator cannot be resolved
	NubanGenerator cannot be resolved
	NubanGenerator cannot be resolved
	NubanGenerator cannot be resolved
	NubanGenerator cannot be resolved
	NubanGenerator cannot be resolved
	NubanGenerator cannot be resolved
	NubanGenerator cannot be resolved
	NubanGenerator cannot be resolved
	NubanGenerator cannot be resolved
	NubanGenerator cannot be resolved
	NubanGenerator cannot be resolved
	NubanGenerator cannot be resolved
	NubanGenerator cannot be resolved
	NubanGenerator cannot be resolved
	NubanGenerator cannot be resolved
	NubanGenerator cannot be resolved
	NubanGenerator cannot be resolved
	NubanGenerator cannot be resolved
	NubanGenerator cannot be resolved
	NubanGenerator cannot be resolved
	NubanGenerator cannot be resolved
	NubanGenerator cannot be resolved
	NubanGenerator cannot be resolved
	NubanGenerator cannot be resolved
	NubanGenerator cannot be resolved
	NubanGenerator cannot be resolved
	NubanGenerator cannot be resolved
	NubanGenerator cannot be resolved

	at NubanGenerator.NubanGeneratorTest.<init>(NubanGeneratorTest.java:13)
	at java.base/java.lang.reflect.Constructor.newInstanceWithCaller(Constructor.java:499)
	at java.base/java.lang.reflect.Constructor.newInstance(Constructor.java:483)
	at java.base/java.util.Optional.orElseGet(Optional.java:364)
	at java.base/java.util.ArrayList.forEach(ArrayList.java:1604)
	at java.base/java.util.ArrayList.forEach(ArrayList.java:1604)
]]></error>
  </testcase>
  <testcase name="shouldGenerateNubansForDifferentBanks" classname="NubanGenerator.NubanGeneratorTest" time="0.012">
    <error message="Unresolved compilation problems: &#10;	NubanGenerator cannot be resolved&#10;	NubanGenerator cannot be resolved&#10;	NubanGenerator cannot be resolved&#10;	NubanGenerator cannot be resolved&#10;	NubanGenerator cannot be resolved&#10;	NubanGenerator cannot be resolved&#10;	NubanGenerator cannot be resolved&#10;	NubanGenerator cannot be resolved&#10;	NubanGenerator cannot be resolved&#10;	NubanGenerator cannot be resolved&#10;	NubanGenerator cannot be resolved&#10;	NubanGenerator cannot be resolved&#10;	NubanGenerator cannot be resolved&#10;	NubanGenerator cannot be resolved&#10;	NubanGenerator cannot be resolved&#10;	NubanGenerator cannot be resolved&#10;	NubanGenerator cannot be resolved&#10;	NubanGenerator cannot be resolved&#10;	NubanGenerator cannot be resolved&#10;	NubanGenerator cannot be resolved&#10;	NubanGenerator cannot be resolved&#10;	NubanGenerator cannot be resolved&#10;	NubanGenerator cannot be resolved&#10;	NubanGenerator cannot be resolved&#10;	NubanGenerator cannot be resolved&#10;	NubanGenerator cannot be resolved&#10;	NubanGenerator cannot be resolved&#10;	NubanGenerator cannot be resolved&#10;	NubanGenerator cannot be resolved&#10;	NubanGenerator cannot be resolved&#10;	NubanGenerator cannot be resolved&#10;	NubanGenerator cannot be resolved&#10;	NubanGenerator cannot be resolved&#10;	NubanGenerator cannot be resolved&#10;	NubanGenerator cannot be resolved&#10;	NubanGenerator cannot be resolved&#10;	NubanGenerator cannot be resolved&#10;	NubanGenerator cannot be resolved&#10;	NubanGenerator cannot be resolved&#10;	NubanGenerator cannot be resolved&#10;	NubanGenerator cannot be resolved&#10;	NubanGenerator cannot be resolved&#10;	NubanGenerator cannot be resolved&#10;	NubanGenerator cannot be resolved&#10;	NubanGenerator cannot be resolved&#10;	NubanGenerator cannot be resolved&#10;	NubanGenerator cannot be resolved&#10;	NubanGenerator cannot be resolved&#10;	NubanGenerator cannot be resolved&#10;" type="java.lang.Error"><![CDATA[java.lang.Error: 
Unresolved compilation problems: 
	NubanGenerator cannot be resolved
	NubanGenerator cannot be resolved
	NubanGenerator cannot be resolved
	NubanGenerator cannot be resolved
	NubanGenerator cannot be resolved
	NubanGenerator cannot be resolved
	NubanGenerator cannot be resolved
	NubanGenerator cannot be resolved
	NubanGenerator cannot be resolved
	NubanGenerator cannot be resolved
	NubanGenerator cannot be resolved
	NubanGenerator cannot be resolved
	NubanGenerator cannot be resolved
	NubanGenerator cannot be resolved
	NubanGenerator cannot be resolved
	NubanGenerator cannot be resolved
	NubanGenerator cannot be resolved
	NubanGenerator cannot be resolved
	NubanGenerator cannot be resolved
	NubanGenerator cannot be resolved
	NubanGenerator cannot be resolved
	NubanGenerator cannot be resolved
	NubanGenerator cannot be resolved
	NubanGenerator cannot be resolved
	NubanGenerator cannot be resolved
	NubanGenerator cannot be resolved
	NubanGenerator cannot be resolved
	NubanGenerator cannot be resolved
	NubanGenerator cannot be resolved
	NubanGenerator cannot be resolved
	NubanGenerator cannot be resolved
	NubanGenerator cannot be resolved
	NubanGenerator cannot be resolved
	NubanGenerator cannot be resolved
	NubanGenerator cannot be resolved
	NubanGenerator cannot be resolved
	NubanGenerator cannot be resolved
	NubanGenerator cannot be resolved
	NubanGenerator cannot be resolved
	NubanGenerator cannot be resolved
	NubanGenerator cannot be resolved
	NubanGenerator cannot be resolved
	NubanGenerator cannot be resolved
	NubanGenerator cannot be resolved
	NubanGenerator cannot be resolved
	NubanGenerator cannot be resolved
	NubanGenerator cannot be resolved
	NubanGenerator cannot be resolved
	NubanGenerator cannot be resolved

	at NubanGenerator.NubanGeneratorTest.<init>(NubanGeneratorTest.java:13)
	at java.base/java.lang.reflect.Constructor.newInstanceWithCaller(Constructor.java:499)
	at java.base/java.lang.reflect.Constructor.newInstance(Constructor.java:483)
	at java.base/java.util.Optional.orElseGet(Optional.java:364)
	at java.base/java.util.ArrayList.forEach(ArrayList.java:1604)
	at java.base/java.util.ArrayList.forEach(ArrayList.java:1604)
]]></error>
  </testcase>
  <testcase name="shouldThrowExceptionForInvalidCheckDigitInput" classname="NubanGenerator.NubanGeneratorTest" time="0.01">
    <error message="Unresolved compilation problems: &#10;	NubanGenerator cannot be resolved&#10;	NubanGenerator cannot be resolved&#10;	NubanGenerator cannot be resolved&#10;	NubanGenerator cannot be resolved&#10;	NubanGenerator cannot be resolved&#10;	NubanGenerator cannot be resolved&#10;	NubanGenerator cannot be resolved&#10;	NubanGenerator cannot be resolved&#10;	NubanGenerator cannot be resolved&#10;	NubanGenerator cannot be resolved&#10;	NubanGenerator cannot be resolved&#10;	NubanGenerator cannot be resolved&#10;	NubanGenerator cannot be resolved&#10;	NubanGenerator cannot be resolved&#10;	NubanGenerator cannot be resolved&#10;	NubanGenerator cannot be resolved&#10;	NubanGenerator cannot be resolved&#10;	NubanGenerator cannot be resolved&#10;	NubanGenerator cannot be resolved&#10;	NubanGenerator cannot be resolved&#10;	NubanGenerator cannot be resolved&#10;	NubanGenerator cannot be resolved&#10;	NubanGenerator cannot be resolved&#10;	NubanGenerator cannot be resolved&#10;	NubanGenerator cannot be resolved&#10;	NubanGenerator cannot be resolved&#10;	NubanGenerator cannot be resolved&#10;	NubanGenerator cannot be resolved&#10;	NubanGenerator cannot be resolved&#10;	NubanGenerator cannot be resolved&#10;	NubanGenerator cannot be resolved&#10;	NubanGenerator cannot be resolved&#10;	NubanGenerator cannot be resolved&#10;	NubanGenerator cannot be resolved&#10;	NubanGenerator cannot be resolved&#10;	NubanGenerator cannot be resolved&#10;	NubanGenerator cannot be resolved&#10;	NubanGenerator cannot be resolved&#10;	NubanGenerator cannot be resolved&#10;	NubanGenerator cannot be resolved&#10;	NubanGenerator cannot be resolved&#10;	NubanGenerator cannot be resolved&#10;	NubanGenerator cannot be resolved&#10;	NubanGenerator cannot be resolved&#10;	NubanGenerator cannot be resolved&#10;	NubanGenerator cannot be resolved&#10;	NubanGenerator cannot be resolved&#10;	NubanGenerator cannot be resolved&#10;	NubanGenerator cannot be resolved&#10;" type="java.lang.Error"><![CDATA[java.lang.Error: 
Unresolved compilation problems: 
	NubanGenerator cannot be resolved
	NubanGenerator cannot be resolved
	NubanGenerator cannot be resolved
	NubanGenerator cannot be resolved
	NubanGenerator cannot be resolved
	NubanGenerator cannot be resolved
	NubanGenerator cannot be resolved
	NubanGenerator cannot be resolved
	NubanGenerator cannot be resolved
	NubanGenerator cannot be resolved
	NubanGenerator cannot be resolved
	NubanGenerator cannot be resolved
	NubanGenerator cannot be resolved
	NubanGenerator cannot be resolved
	NubanGenerator cannot be resolved
	NubanGenerator cannot be resolved
	NubanGenerator cannot be resolved
	NubanGenerator cannot be resolved
	NubanGenerator cannot be resolved
	NubanGenerator cannot be resolved
	NubanGenerator cannot be resolved
	NubanGenerator cannot be resolved
	NubanGenerator cannot be resolved
	NubanGenerator cannot be resolved
	NubanGenerator cannot be resolved
	NubanGenerator cannot be resolved
	NubanGenerator cannot be resolved
	NubanGenerator cannot be resolved
	NubanGenerator cannot be resolved
	NubanGenerator cannot be resolved
	NubanGenerator cannot be resolved
	NubanGenerator cannot be resolved
	NubanGenerator cannot be resolved
	NubanGenerator cannot be resolved
	NubanGenerator cannot be resolved
	NubanGenerator cannot be resolved
	NubanGenerator cannot be resolved
	NubanGenerator cannot be resolved
	NubanGenerator cannot be resolved
	NubanGenerator cannot be resolved
	NubanGenerator cannot be resolved
	NubanGenerator cannot be resolved
	NubanGenerator cannot be resolved
	NubanGenerator cannot be resolved
	NubanGenerator cannot be resolved
	NubanGenerator cannot be resolved
	NubanGenerator cannot be resolved
	NubanGenerator cannot be resolved
	NubanGenerator cannot be resolved

	at NubanGenerator.NubanGeneratorTest.<init>(NubanGeneratorTest.java:13)
	at java.base/java.lang.reflect.Constructor.newInstanceWithCaller(Constructor.java:499)
	at java.base/java.lang.reflect.Constructor.newInstance(Constructor.java:483)
	at java.base/java.util.Optional.orElseGet(Optional.java:364)
	at java.base/java.util.ArrayList.forEach(ArrayList.java:1604)
	at java.base/java.util.ArrayList.forEach(ArrayList.java:1604)
]]></error>
  </testcase>
  <testcase name="shouldThrowExceptionForInvalidBankCode" classname="NubanGenerator.NubanGeneratorTest" time="0.017">
    <error message="Unresolved compilation problems: &#10;	NubanGenerator cannot be resolved&#10;	NubanGenerator cannot be resolved&#10;	NubanGenerator cannot be resolved&#10;	NubanGenerator cannot be resolved&#10;	NubanGenerator cannot be resolved&#10;	NubanGenerator cannot be resolved&#10;	NubanGenerator cannot be resolved&#10;	NubanGenerator cannot be resolved&#10;	NubanGenerator cannot be resolved&#10;	NubanGenerator cannot be resolved&#10;	NubanGenerator cannot be resolved&#10;	NubanGenerator cannot be resolved&#10;	NubanGenerator cannot be resolved&#10;	NubanGenerator cannot be resolved&#10;	NubanGenerator cannot be resolved&#10;	NubanGenerator cannot be resolved&#10;	NubanGenerator cannot be resolved&#10;	NubanGenerator cannot be resolved&#10;	NubanGenerator cannot be resolved&#10;	NubanGenerator cannot be resolved&#10;	NubanGenerator cannot be resolved&#10;	NubanGenerator cannot be resolved&#10;	NubanGenerator cannot be resolved&#10;	NubanGenerator cannot be resolved&#10;	NubanGenerator cannot be resolved&#10;	NubanGenerator cannot be resolved&#10;	NubanGenerator cannot be resolved&#10;	NubanGenerator cannot be resolved&#10;	NubanGenerator cannot be resolved&#10;	NubanGenerator cannot be resolved&#10;	NubanGenerator cannot be resolved&#10;	NubanGenerator cannot be resolved&#10;	NubanGenerator cannot be resolved&#10;	NubanGenerator cannot be resolved&#10;	NubanGenerator cannot be resolved&#10;	NubanGenerator cannot be resolved&#10;	NubanGenerator cannot be resolved&#10;	NubanGenerator cannot be resolved&#10;	NubanGenerator cannot be resolved&#10;	NubanGenerator cannot be resolved&#10;	NubanGenerator cannot be resolved&#10;	NubanGenerator cannot be resolved&#10;	NubanGenerator cannot be resolved&#10;	NubanGenerator cannot be resolved&#10;	NubanGenerator cannot be resolved&#10;	NubanGenerator cannot be resolved&#10;	NubanGenerator cannot be resolved&#10;	NubanGenerator cannot be resolved&#10;	NubanGenerator cannot be resolved&#10;" type="java.lang.Error"><![CDATA[java.lang.Error: 
Unresolved compilation problems: 
	NubanGenerator cannot be resolved
	NubanGenerator cannot be resolved
	NubanGenerator cannot be resolved
	NubanGenerator cannot be resolved
	NubanGenerator cannot be resolved
	NubanGenerator cannot be resolved
	NubanGenerator cannot be resolved
	NubanGenerator cannot be resolved
	NubanGenerator cannot be resolved
	NubanGenerator cannot be resolved
	NubanGenerator cannot be resolved
	NubanGenerator cannot be resolved
	NubanGenerator cannot be resolved
	NubanGenerator cannot be resolved
	NubanGenerator cannot be resolved
	NubanGenerator cannot be resolved
	NubanGenerator cannot be resolved
	NubanGenerator cannot be resolved
	NubanGenerator cannot be resolved
	NubanGenerator cannot be resolved
	NubanGenerator cannot be resolved
	NubanGenerator cannot be resolved
	NubanGenerator cannot be resolved
	NubanGenerator cannot be resolved
	NubanGenerator cannot be resolved
	NubanGenerator cannot be resolved
	NubanGenerator cannot be resolved
	NubanGenerator cannot be resolved
	NubanGenerator cannot be resolved
	NubanGenerator cannot be resolved
	NubanGenerator cannot be resolved
	NubanGenerator cannot be resolved
	NubanGenerator cannot be resolved
	NubanGenerator cannot be resolved
	NubanGenerator cannot be resolved
	NubanGenerator cannot be resolved
	NubanGenerator cannot be resolved
	NubanGenerator cannot be resolved
	NubanGenerator cannot be resolved
	NubanGenerator cannot be resolved
	NubanGenerator cannot be resolved
	NubanGenerator cannot be resolved
	NubanGenerator cannot be resolved
	NubanGenerator cannot be resolved
	NubanGenerator cannot be resolved
	NubanGenerator cannot be resolved
	NubanGenerator cannot be resolved
	NubanGenerator cannot be resolved
	NubanGenerator cannot be resolved

	at NubanGenerator.NubanGeneratorTest.<init>(NubanGeneratorTest.java:13)
	at java.base/java.lang.reflect.Constructor.newInstanceWithCaller(Constructor.java:499)
	at java.base/java.lang.reflect.Constructor.newInstance(Constructor.java:483)
	at java.base/java.util.Optional.orElseGet(Optional.java:364)
	at java.base/java.util.ArrayList.forEach(ArrayList.java:1604)
	at java.base/java.util.ArrayList.forEach(ArrayList.java:1604)
]]></error>
  </testcase>
  <testcase name="shouldValidateNubanWithCheckDigit0" classname="NubanGenerator.NubanGeneratorTest" time="0.006">
    <error message="Unresolved compilation problems: &#10;	NubanGenerator cannot be resolved&#10;	NubanGenerator cannot be resolved&#10;	NubanGenerator cannot be resolved&#10;	NubanGenerator cannot be resolved&#10;	NubanGenerator cannot be resolved&#10;	NubanGenerator cannot be resolved&#10;	NubanGenerator cannot be resolved&#10;	NubanGenerator cannot be resolved&#10;	NubanGenerator cannot be resolved&#10;	NubanGenerator cannot be resolved&#10;	NubanGenerator cannot be resolved&#10;	NubanGenerator cannot be resolved&#10;	NubanGenerator cannot be resolved&#10;	NubanGenerator cannot be resolved&#10;	NubanGenerator cannot be resolved&#10;	NubanGenerator cannot be resolved&#10;	NubanGenerator cannot be resolved&#10;	NubanGenerator cannot be resolved&#10;	NubanGenerator cannot be resolved&#10;	NubanGenerator cannot be resolved&#10;	NubanGenerator cannot be resolved&#10;	NubanGenerator cannot be resolved&#10;	NubanGenerator cannot be resolved&#10;	NubanGenerator cannot be resolved&#10;	NubanGenerator cannot be resolved&#10;	NubanGenerator cannot be resolved&#10;	NubanGenerator cannot be resolved&#10;	NubanGenerator cannot be resolved&#10;	NubanGenerator cannot be resolved&#10;	NubanGenerator cannot be resolved&#10;	NubanGenerator cannot be resolved&#10;	NubanGenerator cannot be resolved&#10;	NubanGenerator cannot be resolved&#10;	NubanGenerator cannot be resolved&#10;	NubanGenerator cannot be resolved&#10;	NubanGenerator cannot be resolved&#10;	NubanGenerator cannot be resolved&#10;	NubanGenerator cannot be resolved&#10;	NubanGenerator cannot be resolved&#10;	NubanGenerator cannot be resolved&#10;	NubanGenerator cannot be resolved&#10;	NubanGenerator cannot be resolved&#10;	NubanGenerator cannot be resolved&#10;	NubanGenerator cannot be resolved&#10;	NubanGenerator cannot be resolved&#10;	NubanGenerator cannot be resolved&#10;	NubanGenerator cannot be resolved&#10;	NubanGenerator cannot be resolved&#10;	NubanGenerator cannot be resolved&#10;" type="java.lang.Error"><![CDATA[java.lang.Error: 
Unresolved compilation problems: 
	NubanGenerator cannot be resolved
	NubanGenerator cannot be resolved
	NubanGenerator cannot be resolved
	NubanGenerator cannot be resolved
	NubanGenerator cannot be resolved
	NubanGenerator cannot be resolved
	NubanGenerator cannot be resolved
	NubanGenerator cannot be resolved
	NubanGenerator cannot be resolved
	NubanGenerator cannot be resolved
	NubanGenerator cannot be resolved
	NubanGenerator cannot be resolved
	NubanGenerator cannot be resolved
	NubanGenerator cannot be resolved
	NubanGenerator cannot be resolved
	NubanGenerator cannot be resolved
	NubanGenerator cannot be resolved
	NubanGenerator cannot be resolved
	NubanGenerator cannot be resolved
	NubanGenerator cannot be resolved
	NubanGenerator cannot be resolved
	NubanGenerator cannot be resolved
	NubanGenerator cannot be resolved
	NubanGenerator cannot be resolved
	NubanGenerator cannot be resolved
	NubanGenerator cannot be resolved
	NubanGenerator cannot be resolved
	NubanGenerator cannot be resolved
	NubanGenerator cannot be resolved
	NubanGenerator cannot be resolved
	NubanGenerator cannot be resolved
	NubanGenerator cannot be resolved
	NubanGenerator cannot be resolved
	NubanGenerator cannot be resolved
	NubanGenerator cannot be resolved
	NubanGenerator cannot be resolved
	NubanGenerator cannot be resolved
	NubanGenerator cannot be resolved
	NubanGenerator cannot be resolved
	NubanGenerator cannot be resolved
	NubanGenerator cannot be resolved
	NubanGenerator cannot be resolved
	NubanGenerator cannot be resolved
	NubanGenerator cannot be resolved
	NubanGenerator cannot be resolved
	NubanGenerator cannot be resolved
	NubanGenerator cannot be resolved
	NubanGenerator cannot be resolved
	NubanGenerator cannot be resolved

	at NubanGenerator.NubanGeneratorTest.<init>(NubanGeneratorTest.java:13)
	at java.base/java.lang.reflect.Constructor.newInstanceWithCaller(Constructor.java:499)
	at java.base/java.lang.reflect.Constructor.newInstance(Constructor.java:483)
	at java.base/java.util.Optional.orElseGet(Optional.java:364)
	at java.base/java.util.ArrayList.forEach(ArrayList.java:1604)
	at java.base/java.util.ArrayList.forEach(ArrayList.java:1604)
]]></error>
  </testcase>
  <testcase name="shouldGenerateNubanWithSpecificSerialNumber" classname="NubanGenerator.NubanGeneratorTest" time="0.004">
    <error message="Unresolved compilation problems: &#10;	NubanGenerator cannot be resolved&#10;	NubanGenerator cannot be resolved&#10;	NubanGenerator cannot be resolved&#10;	NubanGenerator cannot be resolved&#10;	NubanGenerator cannot be resolved&#10;	NubanGenerator cannot be resolved&#10;	NubanGenerator cannot be resolved&#10;	NubanGenerator cannot be resolved&#10;	NubanGenerator cannot be resolved&#10;	NubanGenerator cannot be resolved&#10;	NubanGenerator cannot be resolved&#10;	NubanGenerator cannot be resolved&#10;	NubanGenerator cannot be resolved&#10;	NubanGenerator cannot be resolved&#10;	NubanGenerator cannot be resolved&#10;	NubanGenerator cannot be resolved&#10;	NubanGenerator cannot be resolved&#10;	NubanGenerator cannot be resolved&#10;	NubanGenerator cannot be resolved&#10;	NubanGenerator cannot be resolved&#10;	NubanGenerator cannot be resolved&#10;	NubanGenerator cannot be resolved&#10;	NubanGenerator cannot be resolved&#10;	NubanGenerator cannot be resolved&#10;	NubanGenerator cannot be resolved&#10;	NubanGenerator cannot be resolved&#10;	NubanGenerator cannot be resolved&#10;	NubanGenerator cannot be resolved&#10;	NubanGenerator cannot be resolved&#10;	NubanGenerator cannot be resolved&#10;	NubanGenerator cannot be resolved&#10;	NubanGenerator cannot be resolved&#10;	NubanGenerator cannot be resolved&#10;	NubanGenerator cannot be resolved&#10;	NubanGenerator cannot be resolved&#10;	NubanGenerator cannot be resolved&#10;	NubanGenerator cannot be resolved&#10;	NubanGenerator cannot be resolved&#10;	NubanGenerator cannot be resolved&#10;	NubanGenerator cannot be resolved&#10;	NubanGenerator cannot be resolved&#10;	NubanGenerator cannot be resolved&#10;	NubanGenerator cannot be resolved&#10;	NubanGenerator cannot be resolved&#10;	NubanGenerator cannot be resolved&#10;	NubanGenerator cannot be resolved&#10;	NubanGenerator cannot be resolved&#10;	NubanGenerator cannot be resolved&#10;	NubanGenerator cannot be resolved&#10;" type="java.lang.Error"><![CDATA[java.lang.Error: 
Unresolved compilation problems: 
	NubanGenerator cannot be resolved
	NubanGenerator cannot be resolved
	NubanGenerator cannot be resolved
	NubanGenerator cannot be resolved
	NubanGenerator cannot be resolved
	NubanGenerator cannot be resolved
	NubanGenerator cannot be resolved
	NubanGenerator cannot be resolved
	NubanGenerator cannot be resolved
	NubanGenerator cannot be resolved
	NubanGenerator cannot be resolved
	NubanGenerator cannot be resolved
	NubanGenerator cannot be resolved
	NubanGenerator cannot be resolved
	NubanGenerator cannot be resolved
	NubanGenerator cannot be resolved
	NubanGenerator cannot be resolved
	NubanGenerator cannot be resolved
	NubanGenerator cannot be resolved
	NubanGenerator cannot be resolved
	NubanGenerator cannot be resolved
	NubanGenerator cannot be resolved
	NubanGenerator cannot be resolved
	NubanGenerator cannot be resolved
	NubanGenerator cannot be resolved
	NubanGenerator cannot be resolved
	NubanGenerator cannot be resolved
	NubanGenerator cannot be resolved
	NubanGenerator cannot be resolved
	NubanGenerator cannot be resolved
	NubanGenerator cannot be resolved
	NubanGenerator cannot be resolved
	NubanGenerator cannot be resolved
	NubanGenerator cannot be resolved
	NubanGenerator cannot be resolved
	NubanGenerator cannot be resolved
	NubanGenerator cannot be resolved
	NubanGenerator cannot be resolved
	NubanGenerator cannot be resolved
	NubanGenerator cannot be resolved
	NubanGenerator cannot be resolved
	NubanGenerator cannot be resolved
	NubanGenerator cannot be resolved
	NubanGenerator cannot be resolved
	NubanGenerator cannot be resolved
	NubanGenerator cannot be resolved
	NubanGenerator cannot be resolved
	NubanGenerator cannot be resolved
	NubanGenerator cannot be resolved

	at NubanGenerator.NubanGeneratorTest.<init>(NubanGeneratorTest.java:13)
	at java.base/java.lang.reflect.Constructor.newInstanceWithCaller(Constructor.java:499)
	at java.base/java.lang.reflect.Constructor.newInstance(Constructor.java:483)
	at java.base/java.util.Optional.orElseGet(Optional.java:364)
	at java.base/java.util.ArrayList.forEach(ArrayList.java:1604)
	at java.base/java.util.ArrayList.forEach(ArrayList.java:1604)
]]></error>
  </testcase>
  <testcase name="shouldCalculateCheckDigitCorrectly" classname="NubanGenerator.NubanGeneratorTest" time="0.006">
    <error message="Unresolved compilation problems: &#10;	NubanGenerator cannot be resolved&#10;	NubanGenerator cannot be resolved&#10;	NubanGenerator cannot be resolved&#10;	NubanGenerator cannot be resolved&#10;	NubanGenerator cannot be resolved&#10;	NubanGenerator cannot be resolved&#10;	NubanGenerator cannot be resolved&#10;	NubanGenerator cannot be resolved&#10;	NubanGenerator cannot be resolved&#10;	NubanGenerator cannot be resolved&#10;	NubanGenerator cannot be resolved&#10;	NubanGenerator cannot be resolved&#10;	NubanGenerator cannot be resolved&#10;	NubanGenerator cannot be resolved&#10;	NubanGenerator cannot be resolved&#10;	NubanGenerator cannot be resolved&#10;	NubanGenerator cannot be resolved&#10;	NubanGenerator cannot be resolved&#10;	NubanGenerator cannot be resolved&#10;	NubanGenerator cannot be resolved&#10;	NubanGenerator cannot be resolved&#10;	NubanGenerator cannot be resolved&#10;	NubanGenerator cannot be resolved&#10;	NubanGenerator cannot be resolved&#10;	NubanGenerator cannot be resolved&#10;	NubanGenerator cannot be resolved&#10;	NubanGenerator cannot be resolved&#10;	NubanGenerator cannot be resolved&#10;	NubanGenerator cannot be resolved&#10;	NubanGenerator cannot be resolved&#10;	NubanGenerator cannot be resolved&#10;	NubanGenerator cannot be resolved&#10;	NubanGenerator cannot be resolved&#10;	NubanGenerator cannot be resolved&#10;	NubanGenerator cannot be resolved&#10;	NubanGenerator cannot be resolved&#10;	NubanGenerator cannot be resolved&#10;	NubanGenerator cannot be resolved&#10;	NubanGenerator cannot be resolved&#10;	NubanGenerator cannot be resolved&#10;	NubanGenerator cannot be resolved&#10;	NubanGenerator cannot be resolved&#10;	NubanGenerator cannot be resolved&#10;	NubanGenerator cannot be resolved&#10;	NubanGenerator cannot be resolved&#10;	NubanGenerator cannot be resolved&#10;	NubanGenerator cannot be resolved&#10;	NubanGenerator cannot be resolved&#10;	NubanGenerator cannot be resolved&#10;" type="java.lang.Error"><![CDATA[java.lang.Error: 
Unresolved compilation problems: 
	NubanGenerator cannot be resolved
	NubanGenerator cannot be resolved
	NubanGenerator cannot be resolved
	NubanGenerator cannot be resolved
	NubanGenerator cannot be resolved
	NubanGenerator cannot be resolved
	NubanGenerator cannot be resolved
	NubanGenerator cannot be resolved
	NubanGenerator cannot be resolved
	NubanGenerator cannot be resolved
	NubanGenerator cannot be resolved
	NubanGenerator cannot be resolved
	NubanGenerator cannot be resolved
	NubanGenerator cannot be resolved
	NubanGenerator cannot be resolved
	NubanGenerator cannot be resolved
	NubanGenerator cannot be resolved
	NubanGenerator cannot be resolved
	NubanGenerator cannot be resolved
	NubanGenerator cannot be resolved
	NubanGenerator cannot be resolved
	NubanGenerator cannot be resolved
	NubanGenerator cannot be resolved
	NubanGenerator cannot be resolved
	NubanGenerator cannot be resolved
	NubanGenerator cannot be resolved
	NubanGenerator cannot be resolved
	NubanGenerator cannot be resolved
	NubanGenerator cannot be resolved
	NubanGenerator cannot be resolved
	NubanGenerator cannot be resolved
	NubanGenerator cannot be resolved
	NubanGenerator cannot be resolved
	NubanGenerator cannot be resolved
	NubanGenerator cannot be resolved
	NubanGenerator cannot be resolved
	NubanGenerator cannot be resolved
	NubanGenerator cannot be resolved
	NubanGenerator cannot be resolved
	NubanGenerator cannot be resolved
	NubanGenerator cannot be resolved
	NubanGenerator cannot be resolved
	NubanGenerator cannot be resolved
	NubanGenerator cannot be resolved
	NubanGenerator cannot be resolved
	NubanGenerator cannot be resolved
	NubanGenerator cannot be resolved
	NubanGenerator cannot be resolved
	NubanGenerator cannot be resolved

	at NubanGenerator.NubanGeneratorTest.<init>(NubanGeneratorTest.java:13)
	at java.base/java.lang.reflect.Constructor.newInstanceWithCaller(Constructor.java:499)
	at java.base/java.lang.reflect.Constructor.newInstance(Constructor.java:483)
	at java.base/java.util.Optional.orElseGet(Optional.java:364)
	at java.base/java.util.ArrayList.forEach(ArrayList.java:1604)
	at java.base/java.util.ArrayList.forEach(ArrayList.java:1604)
]]></error>
  </testcase>
  <testcase name="shouldThrowExceptionWhenExtractingFromInvalidNuban" classname="NubanGenerator.NubanGeneratorTest" time="0.005">
    <error message="Unresolved compilation problems: &#10;	NubanGenerator cannot be resolved&#10;	NubanGenerator cannot be resolved&#10;	NubanGenerator cannot be resolved&#10;	NubanGenerator cannot be resolved&#10;	NubanGenerator cannot be resolved&#10;	NubanGenerator cannot be resolved&#10;	NubanGenerator cannot be resolved&#10;	NubanGenerator cannot be resolved&#10;	NubanGenerator cannot be resolved&#10;	NubanGenerator cannot be resolved&#10;	NubanGenerator cannot be resolved&#10;	NubanGenerator cannot be resolved&#10;	NubanGenerator cannot be resolved&#10;	NubanGenerator cannot be resolved&#10;	NubanGenerator cannot be resolved&#10;	NubanGenerator cannot be resolved&#10;	NubanGenerator cannot be resolved&#10;	NubanGenerator cannot be resolved&#10;	NubanGenerator cannot be resolved&#10;	NubanGenerator cannot be resolved&#10;	NubanGenerator cannot be resolved&#10;	NubanGenerator cannot be resolved&#10;	NubanGenerator cannot be resolved&#10;	NubanGenerator cannot be resolved&#10;	NubanGenerator cannot be resolved&#10;	NubanGenerator cannot be resolved&#10;	NubanGenerator cannot be resolved&#10;	NubanGenerator cannot be resolved&#10;	NubanGenerator cannot be resolved&#10;	NubanGenerator cannot be resolved&#10;	NubanGenerator cannot be resolved&#10;	NubanGenerator cannot be resolved&#10;	NubanGenerator cannot be resolved&#10;	NubanGenerator cannot be resolved&#10;	NubanGenerator cannot be resolved&#10;	NubanGenerator cannot be resolved&#10;	NubanGenerator cannot be resolved&#10;	NubanGenerator cannot be resolved&#10;	NubanGenerator cannot be resolved&#10;	NubanGenerator cannot be resolved&#10;	NubanGenerator cannot be resolved&#10;	NubanGenerator cannot be resolved&#10;	NubanGenerator cannot be resolved&#10;	NubanGenerator cannot be resolved&#10;	NubanGenerator cannot be resolved&#10;	NubanGenerator cannot be resolved&#10;	NubanGenerator cannot be resolved&#10;	NubanGenerator cannot be resolved&#10;	NubanGenerator cannot be resolved&#10;" type="java.lang.Error"><![CDATA[java.lang.Error: 
Unresolved compilation problems: 
	NubanGenerator cannot be resolved
	NubanGenerator cannot be resolved
	NubanGenerator cannot be resolved
	NubanGenerator cannot be resolved
	NubanGenerator cannot be resolved
	NubanGenerator cannot be resolved
	NubanGenerator cannot be resolved
	NubanGenerator cannot be resolved
	NubanGenerator cannot be resolved
	NubanGenerator cannot be resolved
	NubanGenerator cannot be resolved
	NubanGenerator cannot be resolved
	NubanGenerator cannot be resolved
	NubanGenerator cannot be resolved
	NubanGenerator cannot be resolved
	NubanGenerator cannot be resolved
	NubanGenerator cannot be resolved
	NubanGenerator cannot be resolved
	NubanGenerator cannot be resolved
	NubanGenerator cannot be resolved
	NubanGenerator cannot be resolved
	NubanGenerator cannot be resolved
	NubanGenerator cannot be resolved
	NubanGenerator cannot be resolved
	NubanGenerator cannot be resolved
	NubanGenerator cannot be resolved
	NubanGenerator cannot be resolved
	NubanGenerator cannot be resolved
	NubanGenerator cannot be resolved
	NubanGenerator cannot be resolved
	NubanGenerator cannot be resolved
	NubanGenerator cannot be resolved
	NubanGenerator cannot be resolved
	NubanGenerator cannot be resolved
	NubanGenerator cannot be resolved
	NubanGenerator cannot be resolved
	NubanGenerator cannot be resolved
	NubanGenerator cannot be resolved
	NubanGenerator cannot be resolved
	NubanGenerator cannot be resolved
	NubanGenerator cannot be resolved
	NubanGenerator cannot be resolved
	NubanGenerator cannot be resolved
	NubanGenerator cannot be resolved
	NubanGenerator cannot be resolved
	NubanGenerator cannot be resolved
	NubanGenerator cannot be resolved
	NubanGenerator cannot be resolved
	NubanGenerator cannot be resolved

	at NubanGenerator.NubanGeneratorTest.<init>(NubanGeneratorTest.java:13)
	at java.base/java.lang.reflect.Constructor.newInstanceWithCaller(Constructor.java:499)
	at java.base/java.lang.reflect.Constructor.newInstance(Constructor.java:483)
	at java.base/java.util.Optional.orElseGet(Optional.java:364)
	at java.base/java.util.ArrayList.forEach(ArrayList.java:1604)
	at java.base/java.util.ArrayList.forEach(ArrayList.java:1604)
]]></error>
  </testcase>
  <testcase name="shouldThrowExceptionForInvalidSerialNumber" classname="NubanGenerator.NubanGeneratorTest" time="0.01">
    <error message="Unresolved compilation problems: &#10;	NubanGenerator cannot be resolved&#10;	NubanGenerator cannot be resolved&#10;	NubanGenerator cannot be resolved&#10;	NubanGenerator cannot be resolved&#10;	NubanGenerator cannot be resolved&#10;	NubanGenerator cannot be resolved&#10;	NubanGenerator cannot be resolved&#10;	NubanGenerator cannot be resolved&#10;	NubanGenerator cannot be resolved&#10;	NubanGenerator cannot be resolved&#10;	NubanGenerator cannot be resolved&#10;	NubanGenerator cannot be resolved&#10;	NubanGenerator cannot be resolved&#10;	NubanGenerator cannot be resolved&#10;	NubanGenerator cannot be resolved&#10;	NubanGenerator cannot be resolved&#10;	NubanGenerator cannot be resolved&#10;	NubanGenerator cannot be resolved&#10;	NubanGenerator cannot be resolved&#10;	NubanGenerator cannot be resolved&#10;	NubanGenerator cannot be resolved&#10;	NubanGenerator cannot be resolved&#10;	NubanGenerator cannot be resolved&#10;	NubanGenerator cannot be resolved&#10;	NubanGenerator cannot be resolved&#10;	NubanGenerator cannot be resolved&#10;	NubanGenerator cannot be resolved&#10;	NubanGenerator cannot be resolved&#10;	NubanGenerator cannot be resolved&#10;	NubanGenerator cannot be resolved&#10;	NubanGenerator cannot be resolved&#10;	NubanGenerator cannot be resolved&#10;	NubanGenerator cannot be resolved&#10;	NubanGenerator cannot be resolved&#10;	NubanGenerator cannot be resolved&#10;	NubanGenerator cannot be resolved&#10;	NubanGenerator cannot be resolved&#10;	NubanGenerator cannot be resolved&#10;	NubanGenerator cannot be resolved&#10;	NubanGenerator cannot be resolved&#10;	NubanGenerator cannot be resolved&#10;	NubanGenerator cannot be resolved&#10;	NubanGenerator cannot be resolved&#10;	NubanGenerator cannot be resolved&#10;	NubanGenerator cannot be resolved&#10;	NubanGenerator cannot be resolved&#10;	NubanGenerator cannot be resolved&#10;	NubanGenerator cannot be resolved&#10;	NubanGenerator cannot be resolved&#10;" type="java.lang.Error"><![CDATA[java.lang.Error: 
Unresolved compilation problems: 
	NubanGenerator cannot be resolved
	NubanGenerator cannot be resolved
	NubanGenerator cannot be resolved
	NubanGenerator cannot be resolved
	NubanGenerator cannot be resolved
	NubanGenerator cannot be resolved
	NubanGenerator cannot be resolved
	NubanGenerator cannot be resolved
	NubanGenerator cannot be resolved
	NubanGenerator cannot be resolved
	NubanGenerator cannot be resolved
	NubanGenerator cannot be resolved
	NubanGenerator cannot be resolved
	NubanGenerator cannot be resolved
	NubanGenerator cannot be resolved
	NubanGenerator cannot be resolved
	NubanGenerator cannot be resolved
	NubanGenerator cannot be resolved
	NubanGenerator cannot be resolved
	NubanGenerator cannot be resolved
	NubanGenerator cannot be resolved
	NubanGenerator cannot be resolved
	NubanGenerator cannot be resolved
	NubanGenerator cannot be resolved
	NubanGenerator cannot be resolved
	NubanGenerator cannot be resolved
	NubanGenerator cannot be resolved
	NubanGenerator cannot be resolved
	NubanGenerator cannot be resolved
	NubanGenerator cannot be resolved
	NubanGenerator cannot be resolved
	NubanGenerator cannot be resolved
	NubanGenerator cannot be resolved
	NubanGenerator cannot be resolved
	NubanGenerator cannot be resolved
	NubanGenerator cannot be resolved
	NubanGenerator cannot be resolved
	NubanGenerator cannot be resolved
	NubanGenerator cannot be resolved
	NubanGenerator cannot be resolved
	NubanGenerator cannot be resolved
	NubanGenerator cannot be resolved
	NubanGenerator cannot be resolved
	NubanGenerator cannot be resolved
	NubanGenerator cannot be resolved
	NubanGenerator cannot be resolved
	NubanGenerator cannot be resolved
	NubanGenerator cannot be resolved
	NubanGenerator cannot be resolved

	at NubanGenerator.NubanGeneratorTest.<init>(NubanGeneratorTest.java:13)
	at java.base/java.lang.reflect.Constructor.newInstanceWithCaller(Constructor.java:499)
	at java.base/java.lang.reflect.Constructor.newInstance(Constructor.java:483)
	at java.base/java.util.Optional.orElseGet(Optional.java:364)
	at java.base/java.util.ArrayList.forEach(ArrayList.java:1604)
	at java.base/java.util.ArrayList.forEach(ArrayList.java:1604)
]]></error>
  </testcase>
  <testcase name="shouldGenerateUniqueNubans" classname="NubanGenerator.NubanGeneratorTest" time="0.007">
    <error message="Unresolved compilation problems: &#10;	NubanGenerator cannot be resolved&#10;	NubanGenerator cannot be resolved&#10;	NubanGenerator cannot be resolved&#10;	NubanGenerator cannot be resolved&#10;	NubanGenerator cannot be resolved&#10;	NubanGenerator cannot be resolved&#10;	NubanGenerator cannot be resolved&#10;	NubanGenerator cannot be resolved&#10;	NubanGenerator cannot be resolved&#10;	NubanGenerator cannot be resolved&#10;	NubanGenerator cannot be resolved&#10;	NubanGenerator cannot be resolved&#10;	NubanGenerator cannot be resolved&#10;	NubanGenerator cannot be resolved&#10;	NubanGenerator cannot be resolved&#10;	NubanGenerator cannot be resolved&#10;	NubanGenerator cannot be resolved&#10;	NubanGenerator cannot be resolved&#10;	NubanGenerator cannot be resolved&#10;	NubanGenerator cannot be resolved&#10;	NubanGenerator cannot be resolved&#10;	NubanGenerator cannot be resolved&#10;	NubanGenerator cannot be resolved&#10;	NubanGenerator cannot be resolved&#10;	NubanGenerator cannot be resolved&#10;	NubanGenerator cannot be resolved&#10;	NubanGenerator cannot be resolved&#10;	NubanGenerator cannot be resolved&#10;	NubanGenerator cannot be resolved&#10;	NubanGenerator cannot be resolved&#10;	NubanGenerator cannot be resolved&#10;	NubanGenerator cannot be resolved&#10;	NubanGenerator cannot be resolved&#10;	NubanGenerator cannot be resolved&#10;	NubanGenerator cannot be resolved&#10;	NubanGenerator cannot be resolved&#10;	NubanGenerator cannot be resolved&#10;	NubanGenerator cannot be resolved&#10;	NubanGenerator cannot be resolved&#10;	NubanGenerator cannot be resolved&#10;	NubanGenerator cannot be resolved&#10;	NubanGenerator cannot be resolved&#10;	NubanGenerator cannot be resolved&#10;	NubanGenerator cannot be resolved&#10;	NubanGenerator cannot be resolved&#10;	NubanGenerator cannot be resolved&#10;	NubanGenerator cannot be resolved&#10;	NubanGenerator cannot be resolved&#10;	NubanGenerator cannot be resolved&#10;" type="java.lang.Error"><![CDATA[java.lang.Error: 
Unresolved compilation problems: 
	NubanGenerator cannot be resolved
	NubanGenerator cannot be resolved
	NubanGenerator cannot be resolved
	NubanGenerator cannot be resolved
	NubanGenerator cannot be resolved
	NubanGenerator cannot be resolved
	NubanGenerator cannot be resolved
	NubanGenerator cannot be resolved
	NubanGenerator cannot be resolved
	NubanGenerator cannot be resolved
	NubanGenerator cannot be resolved
	NubanGenerator cannot be resolved
	NubanGenerator cannot be resolved
	NubanGenerator cannot be resolved
	NubanGenerator cannot be resolved
	NubanGenerator cannot be resolved
	NubanGenerator cannot be resolved
	NubanGenerator cannot be resolved
	NubanGenerator cannot be resolved
	NubanGenerator cannot be resolved
	NubanGenerator cannot be resolved
	NubanGenerator cannot be resolved
	NubanGenerator cannot be resolved
	NubanGenerator cannot be resolved
	NubanGenerator cannot be resolved
	NubanGenerator cannot be resolved
	NubanGenerator cannot be resolved
	NubanGenerator cannot be resolved
	NubanGenerator cannot be resolved
	NubanGenerator cannot be resolved
	NubanGenerator cannot be resolved
	NubanGenerator cannot be resolved
	NubanGenerator cannot be resolved
	NubanGenerator cannot be resolved
	NubanGenerator cannot be resolved
	NubanGenerator cannot be resolved
	NubanGenerator cannot be resolved
	NubanGenerator cannot be resolved
	NubanGenerator cannot be resolved
	NubanGenerator cannot be resolved
	NubanGenerator cannot be resolved
	NubanGenerator cannot be resolved
	NubanGenerator cannot be resolved
	NubanGenerator cannot be resolved
	NubanGenerator cannot be resolved
	NubanGenerator cannot be resolved
	NubanGenerator cannot be resolved
	NubanGenerator cannot be resolved
	NubanGenerator cannot be resolved

	at NubanGenerator.NubanGeneratorTest.<init>(NubanGeneratorTest.java:13)
	at java.base/java.lang.reflect.Constructor.newInstanceWithCaller(Constructor.java:499)
	at java.base/java.lang.reflect.Constructor.newInstance(Constructor.java:483)
	at java.base/java.util.Optional.orElseGet(Optional.java:364)
	at java.base/java.util.ArrayList.forEach(ArrayList.java:1604)
	at java.base/java.util.ArrayList.forEach(ArrayList.java:1604)
]]></error>
  </testcase>
  <testcase name="shouldGenerateValidNubanForAccessBank" classname="NubanGenerator.NubanGeneratorTest" time="0.006">
    <error message="Unresolved compilation problems: &#10;	NubanGenerator cannot be resolved&#10;	NubanGenerator cannot be resolved&#10;	NubanGenerator cannot be resolved&#10;	NubanGenerator cannot be resolved&#10;	NubanGenerator cannot be resolved&#10;	NubanGenerator cannot be resolved&#10;	NubanGenerator cannot be resolved&#10;	NubanGenerator cannot be resolved&#10;	NubanGenerator cannot be resolved&#10;	NubanGenerator cannot be resolved&#10;	NubanGenerator cannot be resolved&#10;	NubanGenerator cannot be resolved&#10;	NubanGenerator cannot be resolved&#10;	NubanGenerator cannot be resolved&#10;	NubanGenerator cannot be resolved&#10;	NubanGenerator cannot be resolved&#10;	NubanGenerator cannot be resolved&#10;	NubanGenerator cannot be resolved&#10;	NubanGenerator cannot be resolved&#10;	NubanGenerator cannot be resolved&#10;	NubanGenerator cannot be resolved&#10;	NubanGenerator cannot be resolved&#10;	NubanGenerator cannot be resolved&#10;	NubanGenerator cannot be resolved&#10;	NubanGenerator cannot be resolved&#10;	NubanGenerator cannot be resolved&#10;	NubanGenerator cannot be resolved&#10;	NubanGenerator cannot be resolved&#10;	NubanGenerator cannot be resolved&#10;	NubanGenerator cannot be resolved&#10;	NubanGenerator cannot be resolved&#10;	NubanGenerator cannot be resolved&#10;	NubanGenerator cannot be resolved&#10;	NubanGenerator cannot be resolved&#10;	NubanGenerator cannot be resolved&#10;	NubanGenerator cannot be resolved&#10;	NubanGenerator cannot be resolved&#10;	NubanGenerator cannot be resolved&#10;	NubanGenerator cannot be resolved&#10;	NubanGenerator cannot be resolved&#10;	NubanGenerator cannot be resolved&#10;	NubanGenerator cannot be resolved&#10;	NubanGenerator cannot be resolved&#10;	NubanGenerator cannot be resolved&#10;	NubanGenerator cannot be resolved&#10;	NubanGenerator cannot be resolved&#10;	NubanGenerator cannot be resolved&#10;	NubanGenerator cannot be resolved&#10;	NubanGenerator cannot be resolved&#10;" type="java.lang.Error"><![CDATA[java.lang.Error: 
Unresolved compilation problems: 
	NubanGenerator cannot be resolved
	NubanGenerator cannot be resolved
	NubanGenerator cannot be resolved
	NubanGenerator cannot be resolved
	NubanGenerator cannot be resolved
	NubanGenerator cannot be resolved
	NubanGenerator cannot be resolved
	NubanGenerator cannot be resolved
	NubanGenerator cannot be resolved
	NubanGenerator cannot be resolved
	NubanGenerator cannot be resolved
	NubanGenerator cannot be resolved
	NubanGenerator cannot be resolved
	NubanGenerator cannot be resolved
	NubanGenerator cannot be resolved
	NubanGenerator cannot be resolved
	NubanGenerator cannot be resolved
	NubanGenerator cannot be resolved
	NubanGenerator cannot be resolved
	NubanGenerator cannot be resolved
	NubanGenerator cannot be resolved
	NubanGenerator cannot be resolved
	NubanGenerator cannot be resolved
	NubanGenerator cannot be resolved
	NubanGenerator cannot be resolved
	NubanGenerator cannot be resolved
	NubanGenerator cannot be resolved
	NubanGenerator cannot be resolved
	NubanGenerator cannot be resolved
	NubanGenerator cannot be resolved
	NubanGenerator cannot be resolved
	NubanGenerator cannot be resolved
	NubanGenerator cannot be resolved
	NubanGenerator cannot be resolved
	NubanGenerator cannot be resolved
	NubanGenerator cannot be resolved
	NubanGenerator cannot be resolved
	NubanGenerator cannot be resolved
	NubanGenerator cannot be resolved
	NubanGenerator cannot be resolved
	NubanGenerator cannot be resolved
	NubanGenerator cannot be resolved
	NubanGenerator cannot be resolved
	NubanGenerator cannot be resolved
	NubanGenerator cannot be resolved
	NubanGenerator cannot be resolved
	NubanGenerator cannot be resolved
	NubanGenerator cannot be resolved
	NubanGenerator cannot be resolved

	at NubanGenerator.NubanGeneratorTest.<init>(NubanGeneratorTest.java:13)
	at java.base/java.lang.reflect.Constructor.newInstanceWithCaller(Constructor.java:499)
	at java.base/java.lang.reflect.Constructor.newInstance(Constructor.java:483)
	at java.base/java.util.Optional.orElseGet(Optional.java:364)
	at java.base/java.util.ArrayList.forEach(ArrayList.java:1604)
	at java.base/java.util.ArrayList.forEach(ArrayList.java:1604)
]]></error>
  </testcase>
  <testcase name="shouldHandleEdgeCaseCheckDigitCalculation" classname="NubanGenerator.NubanGeneratorTest" time="0.005">
    <error message="Unresolved compilation problems: &#10;	NubanGenerator cannot be resolved&#10;	NubanGenerator cannot be resolved&#10;	NubanGenerator cannot be resolved&#10;	NubanGenerator cannot be resolved&#10;	NubanGenerator cannot be resolved&#10;	NubanGenerator cannot be resolved&#10;	NubanGenerator cannot be resolved&#10;	NubanGenerator cannot be resolved&#10;	NubanGenerator cannot be resolved&#10;	NubanGenerator cannot be resolved&#10;	NubanGenerator cannot be resolved&#10;	NubanGenerator cannot be resolved&#10;	NubanGenerator cannot be resolved&#10;	NubanGenerator cannot be resolved&#10;	NubanGenerator cannot be resolved&#10;	NubanGenerator cannot be resolved&#10;	NubanGenerator cannot be resolved&#10;	NubanGenerator cannot be resolved&#10;	NubanGenerator cannot be resolved&#10;	NubanGenerator cannot be resolved&#10;	NubanGenerator cannot be resolved&#10;	NubanGenerator cannot be resolved&#10;	NubanGenerator cannot be resolved&#10;	NubanGenerator cannot be resolved&#10;	NubanGenerator cannot be resolved&#10;	NubanGenerator cannot be resolved&#10;	NubanGenerator cannot be resolved&#10;	NubanGenerator cannot be resolved&#10;	NubanGenerator cannot be resolved&#10;	NubanGenerator cannot be resolved&#10;	NubanGenerator cannot be resolved&#10;	NubanGenerator cannot be resolved&#10;	NubanGenerator cannot be resolved&#10;	NubanGenerator cannot be resolved&#10;	NubanGenerator cannot be resolved&#10;	NubanGenerator cannot be resolved&#10;	NubanGenerator cannot be resolved&#10;	NubanGenerator cannot be resolved&#10;	NubanGenerator cannot be resolved&#10;	NubanGenerator cannot be resolved&#10;	NubanGenerator cannot be resolved&#10;	NubanGenerator cannot be resolved&#10;	NubanGenerator cannot be resolved&#10;	NubanGenerator cannot be resolved&#10;	NubanGenerator cannot be resolved&#10;	NubanGenerator cannot be resolved&#10;	NubanGenerator cannot be resolved&#10;	NubanGenerator cannot be resolved&#10;	NubanGenerator cannot be resolved&#10;" type="java.lang.Error"><![CDATA[java.lang.Error: 
Unresolved compilation problems: 
	NubanGenerator cannot be resolved
	NubanGenerator cannot be resolved
	NubanGenerator cannot be resolved
	NubanGenerator cannot be resolved
	NubanGenerator cannot be resolved
	NubanGenerator cannot be resolved
	NubanGenerator cannot be resolved
	NubanGenerator cannot be resolved
	NubanGenerator cannot be resolved
	NubanGenerator cannot be resolved
	NubanGenerator cannot be resolved
	NubanGenerator cannot be resolved
	NubanGenerator cannot be resolved
	NubanGenerator cannot be resolved
	NubanGenerator cannot be resolved
	NubanGenerator cannot be resolved
	NubanGenerator cannot be resolved
	NubanGenerator cannot be resolved
	NubanGenerator cannot be resolved
	NubanGenerator cannot be resolved
	NubanGenerator cannot be resolved
	NubanGenerator cannot be resolved
	NubanGenerator cannot be resolved
	NubanGenerator cannot be resolved
	NubanGenerator cannot be resolved
	NubanGenerator cannot be resolved
	NubanGenerator cannot be resolved
	NubanGenerator cannot be resolved
	NubanGenerator cannot be resolved
	NubanGenerator cannot be resolved
	NubanGenerator cannot be resolved
	NubanGenerator cannot be resolved
	NubanGenerator cannot be resolved
	NubanGenerator cannot be resolved
	NubanGenerator cannot be resolved
	NubanGenerator cannot be resolved
	NubanGenerator cannot be resolved
	NubanGenerator cannot be resolved
	NubanGenerator cannot be resolved
	NubanGenerator cannot be resolved
	NubanGenerator cannot be resolved
	NubanGenerator cannot be resolved
	NubanGenerator cannot be resolved
	NubanGenerator cannot be resolved
	NubanGenerator cannot be resolved
	NubanGenerator cannot be resolved
	NubanGenerator cannot be resolved
	NubanGenerator cannot be resolved
	NubanGenerator cannot be resolved

	at NubanGenerator.NubanGeneratorTest.<init>(NubanGeneratorTest.java:13)
	at java.base/java.lang.reflect.Constructor.newInstanceWithCaller(Constructor.java:499)
	at java.base/java.lang.reflect.Constructor.newInstance(Constructor.java:483)
	at java.base/java.util.Optional.orElseGet(Optional.java:364)
	at java.base/java.util.ArrayList.forEach(ArrayList.java:1604)
	at java.base/java.util.ArrayList.forEach(ArrayList.java:1604)
]]></error>
  </testcase>
  <testcase name="shouldGenerateValidNubanForGtb" classname="NubanGenerator.NubanGeneratorTest" time="0.008">
    <error message="Unresolved compilation problems: &#10;	NubanGenerator cannot be resolved&#10;	NubanGenerator cannot be resolved&#10;	NubanGenerator cannot be resolved&#10;	NubanGenerator cannot be resolved&#10;	NubanGenerator cannot be resolved&#10;	NubanGenerator cannot be resolved&#10;	NubanGenerator cannot be resolved&#10;	NubanGenerator cannot be resolved&#10;	NubanGenerator cannot be resolved&#10;	NubanGenerator cannot be resolved&#10;	NubanGenerator cannot be resolved&#10;	NubanGenerator cannot be resolved&#10;	NubanGenerator cannot be resolved&#10;	NubanGenerator cannot be resolved&#10;	NubanGenerator cannot be resolved&#10;	NubanGenerator cannot be resolved&#10;	NubanGenerator cannot be resolved&#10;	NubanGenerator cannot be resolved&#10;	NubanGenerator cannot be resolved&#10;	NubanGenerator cannot be resolved&#10;	NubanGenerator cannot be resolved&#10;	NubanGenerator cannot be resolved&#10;	NubanGenerator cannot be resolved&#10;	NubanGenerator cannot be resolved&#10;	NubanGenerator cannot be resolved&#10;	NubanGenerator cannot be resolved&#10;	NubanGenerator cannot be resolved&#10;	NubanGenerator cannot be resolved&#10;	NubanGenerator cannot be resolved&#10;	NubanGenerator cannot be resolved&#10;	NubanGenerator cannot be resolved&#10;	NubanGenerator cannot be resolved&#10;	NubanGenerator cannot be resolved&#10;	NubanGenerator cannot be resolved&#10;	NubanGenerator cannot be resolved&#10;	NubanGenerator cannot be resolved&#10;	NubanGenerator cannot be resolved&#10;	NubanGenerator cannot be resolved&#10;	NubanGenerator cannot be resolved&#10;	NubanGenerator cannot be resolved&#10;	NubanGenerator cannot be resolved&#10;	NubanGenerator cannot be resolved&#10;	NubanGenerator cannot be resolved&#10;	NubanGenerator cannot be resolved&#10;	NubanGenerator cannot be resolved&#10;	NubanGenerator cannot be resolved&#10;	NubanGenerator cannot be resolved&#10;	NubanGenerator cannot be resolved&#10;	NubanGenerator cannot be resolved&#10;" type="java.lang.Error"><![CDATA[java.lang.Error: 
Unresolved compilation problems: 
	NubanGenerator cannot be resolved
	NubanGenerator cannot be resolved
	NubanGenerator cannot be resolved
	NubanGenerator cannot be resolved
	NubanGenerator cannot be resolved
	NubanGenerator cannot be resolved
	NubanGenerator cannot be resolved
	NubanGenerator cannot be resolved
	NubanGenerator cannot be resolved
	NubanGenerator cannot be resolved
	NubanGenerator cannot be resolved
	NubanGenerator cannot be resolved
	NubanGenerator cannot be resolved
	NubanGenerator cannot be resolved
	NubanGenerator cannot be resolved
	NubanGenerator cannot be resolved
	NubanGenerator cannot be resolved
	NubanGenerator cannot be resolved
	NubanGenerator cannot be resolved
	NubanGenerator cannot be resolved
	NubanGenerator cannot be resolved
	NubanGenerator cannot be resolved
	NubanGenerator cannot be resolved
	NubanGenerator cannot be resolved
	NubanGenerator cannot be resolved
	NubanGenerator cannot be resolved
	NubanGenerator cannot be resolved
	NubanGenerator cannot be resolved
	NubanGenerator cannot be resolved
	NubanGenerator cannot be resolved
	NubanGenerator cannot be resolved
	NubanGenerator cannot be resolved
	NubanGenerator cannot be resolved
	NubanGenerator cannot be resolved
	NubanGenerator cannot be resolved
	NubanGenerator cannot be resolved
	NubanGenerator cannot be resolved
	NubanGenerator cannot be resolved
	NubanGenerator cannot be resolved
	NubanGenerator cannot be resolved
	NubanGenerator cannot be resolved
	NubanGenerator cannot be resolved
	NubanGenerator cannot be resolved
	NubanGenerator cannot be resolved
	NubanGenerator cannot be resolved
	NubanGenerator cannot be resolved
	NubanGenerator cannot be resolved
	NubanGenerator cannot be resolved
	NubanGenerator cannot be resolved

	at NubanGenerator.NubanGeneratorTest.<init>(NubanGeneratorTest.java:13)
	at java.base/java.lang.reflect.Constructor.newInstanceWithCaller(Constructor.java:499)
	at java.base/java.lang.reflect.Constructor.newInstance(Constructor.java:483)
	at java.base/java.util.Optional.orElseGet(Optional.java:364)
	at java.base/java.util.ArrayList.forEach(ArrayList.java:1604)
	at java.base/java.util.ArrayList.forEach(ArrayList.java:1604)
]]></error>
  </testcase>
  <testcase name="shouldValidateNubanCorrectly" classname="NubanGenerator.NubanGeneratorTest" time="0.007">
    <error message="Unresolved compilation problems: &#10;	NubanGenerator cannot be resolved&#10;	NubanGenerator cannot be resolved&#10;	NubanGenerator cannot be resolved&#10;	NubanGenerator cannot be resolved&#10;	NubanGenerator cannot be resolved&#10;	NubanGenerator cannot be resolved&#10;	NubanGenerator cannot be resolved&#10;	NubanGenerator cannot be resolved&#10;	NubanGenerator cannot be resolved&#10;	NubanGenerator cannot be resolved&#10;	NubanGenerator cannot be resolved&#10;	NubanGenerator cannot be resolved&#10;	NubanGenerator cannot be resolved&#10;	NubanGenerator cannot be resolved&#10;	NubanGenerator cannot be resolved&#10;	NubanGenerator cannot be resolved&#10;	NubanGenerator cannot be resolved&#10;	NubanGenerator cannot be resolved&#10;	NubanGenerator cannot be resolved&#10;	NubanGenerator cannot be resolved&#10;	NubanGenerator cannot be resolved&#10;	NubanGenerator cannot be resolved&#10;	NubanGenerator cannot be resolved&#10;	NubanGenerator cannot be resolved&#10;	NubanGenerator cannot be resolved&#10;	NubanGenerator cannot be resolved&#10;	NubanGenerator cannot be resolved&#10;	NubanGenerator cannot be resolved&#10;	NubanGenerator cannot be resolved&#10;	NubanGenerator cannot be resolved&#10;	NubanGenerator cannot be resolved&#10;	NubanGenerator cannot be resolved&#10;	NubanGenerator cannot be resolved&#10;	NubanGenerator cannot be resolved&#10;	NubanGenerator cannot be resolved&#10;	NubanGenerator cannot be resolved&#10;	NubanGenerator cannot be resolved&#10;	NubanGenerator cannot be resolved&#10;	NubanGenerator cannot be resolved&#10;	NubanGenerator cannot be resolved&#10;	NubanGenerator cannot be resolved&#10;	NubanGenerator cannot be resolved&#10;	NubanGenerator cannot be resolved&#10;	NubanGenerator cannot be resolved&#10;	NubanGenerator cannot be resolved&#10;	NubanGenerator cannot be resolved&#10;	NubanGenerator cannot be resolved&#10;	NubanGenerator cannot be resolved&#10;	NubanGenerator cannot be resolved&#10;" type="java.lang.Error"><![CDATA[java.lang.Error: 
Unresolved compilation problems: 
	NubanGenerator cannot be resolved
	NubanGenerator cannot be resolved
	NubanGenerator cannot be resolved
	NubanGenerator cannot be resolved
	NubanGenerator cannot be resolved
	NubanGenerator cannot be resolved
	NubanGenerator cannot be resolved
	NubanGenerator cannot be resolved
	NubanGenerator cannot be resolved
	NubanGenerator cannot be resolved
	NubanGenerator cannot be resolved
	NubanGenerator cannot be resolved
	NubanGenerator cannot be resolved
	NubanGenerator cannot be resolved
	NubanGenerator cannot be resolved
	NubanGenerator cannot be resolved
	NubanGenerator cannot be resolved
	NubanGenerator cannot be resolved
	NubanGenerator cannot be resolved
	NubanGenerator cannot be resolved
	NubanGenerator cannot be resolved
	NubanGenerator cannot be resolved
	NubanGenerator cannot be resolved
	NubanGenerator cannot be resolved
	NubanGenerator cannot be resolved
	NubanGenerator cannot be resolved
	NubanGenerator cannot be resolved
	NubanGenerator cannot be resolved
	NubanGenerator cannot be resolved
	NubanGenerator cannot be resolved
	NubanGenerator cannot be resolved
	NubanGenerator cannot be resolved
	NubanGenerator cannot be resolved
	NubanGenerator cannot be resolved
	NubanGenerator cannot be resolved
	NubanGenerator cannot be resolved
	NubanGenerator cannot be resolved
	NubanGenerator cannot be resolved
	NubanGenerator cannot be resolved
	NubanGenerator cannot be resolved
	NubanGenerator cannot be resolved
	NubanGenerator cannot be resolved
	NubanGenerator cannot be resolved
	NubanGenerator cannot be resolved
	NubanGenerator cannot be resolved
	NubanGenerator cannot be resolved
	NubanGenerator cannot be resolved
	NubanGenerator cannot be resolved
	NubanGenerator cannot be resolved

	at NubanGenerator.NubanGeneratorTest.<init>(NubanGeneratorTest.java:13)
	at java.base/java.lang.reflect.Constructor.newInstanceWithCaller(Constructor.java:499)
	at java.base/java.lang.reflect.Constructor.newInstance(Constructor.java:483)
	at java.base/java.util.Optional.orElseGet(Optional.java:364)
	at java.base/java.util.ArrayList.forEach(ArrayList.java:1604)
	at java.base/java.util.ArrayList.forEach(ArrayList.java:1604)
]]></error>
  </testcase>
  <testcase name="shouldExtractSerialNumberCorrectly" classname="NubanGenerator.NubanGeneratorTest" time="0.005">
    <error message="Unresolved compilation problems: &#10;	NubanGenerator cannot be resolved&#10;	NubanGenerator cannot be resolved&#10;	NubanGenerator cannot be resolved&#10;	NubanGenerator cannot be resolved&#10;	NubanGenerator cannot be resolved&#10;	NubanGenerator cannot be resolved&#10;	NubanGenerator cannot be resolved&#10;	NubanGenerator cannot be resolved&#10;	NubanGenerator cannot be resolved&#10;	NubanGenerator cannot be resolved&#10;	NubanGenerator cannot be resolved&#10;	NubanGenerator cannot be resolved&#10;	NubanGenerator cannot be resolved&#10;	NubanGenerator cannot be resolved&#10;	NubanGenerator cannot be resolved&#10;	NubanGenerator cannot be resolved&#10;	NubanGenerator cannot be resolved&#10;	NubanGenerator cannot be resolved&#10;	NubanGenerator cannot be resolved&#10;	NubanGenerator cannot be resolved&#10;	NubanGenerator cannot be resolved&#10;	NubanGenerator cannot be resolved&#10;	NubanGenerator cannot be resolved&#10;	NubanGenerator cannot be resolved&#10;	NubanGenerator cannot be resolved&#10;	NubanGenerator cannot be resolved&#10;	NubanGenerator cannot be resolved&#10;	NubanGenerator cannot be resolved&#10;	NubanGenerator cannot be resolved&#10;	NubanGenerator cannot be resolved&#10;	NubanGenerator cannot be resolved&#10;	NubanGenerator cannot be resolved&#10;	NubanGenerator cannot be resolved&#10;	NubanGenerator cannot be resolved&#10;	NubanGenerator cannot be resolved&#10;	NubanGenerator cannot be resolved&#10;	NubanGenerator cannot be resolved&#10;	NubanGenerator cannot be resolved&#10;	NubanGenerator cannot be resolved&#10;	NubanGenerator cannot be resolved&#10;	NubanGenerator cannot be resolved&#10;	NubanGenerator cannot be resolved&#10;	NubanGenerator cannot be resolved&#10;	NubanGenerator cannot be resolved&#10;	NubanGenerator cannot be resolved&#10;	NubanGenerator cannot be resolved&#10;	NubanGenerator cannot be resolved&#10;	NubanGenerator cannot be resolved&#10;	NubanGenerator cannot be resolved&#10;" type="java.lang.Error"><![CDATA[java.lang.Error: 
Unresolved compilation problems: 
	NubanGenerator cannot be resolved
	NubanGenerator cannot be resolved
	NubanGenerator cannot be resolved
	NubanGenerator cannot be resolved
	NubanGenerator cannot be resolved
	NubanGenerator cannot be resolved
	NubanGenerator cannot be resolved
	NubanGenerator cannot be resolved
	NubanGenerator cannot be resolved
	NubanGenerator cannot be resolved
	NubanGenerator cannot be resolved
	NubanGenerator cannot be resolved
	NubanGenerator cannot be resolved
	NubanGenerator cannot be resolved
	NubanGenerator cannot be resolved
	NubanGenerator cannot be resolved
	NubanGenerator cannot be resolved
	NubanGenerator cannot be resolved
	NubanGenerator cannot be resolved
	NubanGenerator cannot be resolved
	NubanGenerator cannot be resolved
	NubanGenerator cannot be resolved
	NubanGenerator cannot be resolved
	NubanGenerator cannot be resolved
	NubanGenerator cannot be resolved
	NubanGenerator cannot be resolved
	NubanGenerator cannot be resolved
	NubanGenerator cannot be resolved
	NubanGenerator cannot be resolved
	NubanGenerator cannot be resolved
	NubanGenerator cannot be resolved
	NubanGenerator cannot be resolved
	NubanGenerator cannot be resolved
	NubanGenerator cannot be resolved
	NubanGenerator cannot be resolved
	NubanGenerator cannot be resolved
	NubanGenerator cannot be resolved
	NubanGenerator cannot be resolved
	NubanGenerator cannot be resolved
	NubanGenerator cannot be resolved
	NubanGenerator cannot be resolved
	NubanGenerator cannot be resolved
	NubanGenerator cannot be resolved
	NubanGenerator cannot be resolved
	NubanGenerator cannot be resolved
	NubanGenerator cannot be resolved
	NubanGenerator cannot be resolved
	NubanGenerator cannot be resolved
	NubanGenerator cannot be resolved

	at NubanGenerator.NubanGeneratorTest.<init>(NubanGeneratorTest.java:13)
	at java.base/java.lang.reflect.Constructor.newInstanceWithCaller(Constructor.java:499)
	at java.base/java.lang.reflect.Constructor.newInstance(Constructor.java:483)
	at java.base/java.util.Optional.orElseGet(Optional.java:364)
	at java.base/java.util.ArrayList.forEach(ArrayList.java:1604)
	at java.base/java.util.ArrayList.forEach(ArrayList.java:1604)
]]></error>
  </testcase>
  <testcase name="shouldHandleSerialNumberBoundaries" classname="NubanGenerator.NubanGeneratorTest" time="0.005">
    <error message="Unresolved compilation problems: &#10;	NubanGenerator cannot be resolved&#10;	NubanGenerator cannot be resolved&#10;	NubanGenerator cannot be resolved&#10;	NubanGenerator cannot be resolved&#10;	NubanGenerator cannot be resolved&#10;	NubanGenerator cannot be resolved&#10;	NubanGenerator cannot be resolved&#10;	NubanGenerator cannot be resolved&#10;	NubanGenerator cannot be resolved&#10;	NubanGenerator cannot be resolved&#10;	NubanGenerator cannot be resolved&#10;	NubanGenerator cannot be resolved&#10;	NubanGenerator cannot be resolved&#10;	NubanGenerator cannot be resolved&#10;	NubanGenerator cannot be resolved&#10;	NubanGenerator cannot be resolved&#10;	NubanGenerator cannot be resolved&#10;	NubanGenerator cannot be resolved&#10;	NubanGenerator cannot be resolved&#10;	NubanGenerator cannot be resolved&#10;	NubanGenerator cannot be resolved&#10;	NubanGenerator cannot be resolved&#10;	NubanGenerator cannot be resolved&#10;	NubanGenerator cannot be resolved&#10;	NubanGenerator cannot be resolved&#10;	NubanGenerator cannot be resolved&#10;	NubanGenerator cannot be resolved&#10;	NubanGenerator cannot be resolved&#10;	NubanGenerator cannot be resolved&#10;	NubanGenerator cannot be resolved&#10;	NubanGenerator cannot be resolved&#10;	NubanGenerator cannot be resolved&#10;	NubanGenerator cannot be resolved&#10;	NubanGenerator cannot be resolved&#10;	NubanGenerator cannot be resolved&#10;	NubanGenerator cannot be resolved&#10;	NubanGenerator cannot be resolved&#10;	NubanGenerator cannot be resolved&#10;	NubanGenerator cannot be resolved&#10;	NubanGenerator cannot be resolved&#10;	NubanGenerator cannot be resolved&#10;	NubanGenerator cannot be resolved&#10;	NubanGenerator cannot be resolved&#10;	NubanGenerator cannot be resolved&#10;	NubanGenerator cannot be resolved&#10;	NubanGenerator cannot be resolved&#10;	NubanGenerator cannot be resolved&#10;	NubanGenerator cannot be resolved&#10;	NubanGenerator cannot be resolved&#10;" type="java.lang.Error"><![CDATA[java.lang.Error: 
Unresolved compilation problems: 
	NubanGenerator cannot be resolved
	NubanGenerator cannot be resolved
	NubanGenerator cannot be resolved
	NubanGenerator cannot be resolved
	NubanGenerator cannot be resolved
	NubanGenerator cannot be resolved
	NubanGenerator cannot be resolved
	NubanGenerator cannot be resolved
	NubanGenerator cannot be resolved
	NubanGenerator cannot be resolved
	NubanGenerator cannot be resolved
	NubanGenerator cannot be resolved
	NubanGenerator cannot be resolved
	NubanGenerator cannot be resolved
	NubanGenerator cannot be resolved
	NubanGenerator cannot be resolved
	NubanGenerator cannot be resolved
	NubanGenerator cannot be resolved
	NubanGenerator cannot be resolved
	NubanGenerator cannot be resolved
	NubanGenerator cannot be resolved
	NubanGenerator cannot be resolved
	NubanGenerator cannot be resolved
	NubanGenerator cannot be resolved
	NubanGenerator cannot be resolved
	NubanGenerator cannot be resolved
	NubanGenerator cannot be resolved
	NubanGenerator cannot be resolved
	NubanGenerator cannot be resolved
	NubanGenerator cannot be resolved
	NubanGenerator cannot be resolved
	NubanGenerator cannot be resolved
	NubanGenerator cannot be resolved
	NubanGenerator cannot be resolved
	NubanGenerator cannot be resolved
	NubanGenerator cannot be resolved
	NubanGenerator cannot be resolved
	NubanGenerator cannot be resolved
	NubanGenerator cannot be resolved
	NubanGenerator cannot be resolved
	NubanGenerator cannot be resolved
	NubanGenerator cannot be resolved
	NubanGenerator cannot be resolved
	NubanGenerator cannot be resolved
	NubanGenerator cannot be resolved
	NubanGenerator cannot be resolved
	NubanGenerator cannot be resolved
	NubanGenerator cannot be resolved
	NubanGenerator cannot be resolved

	at NubanGenerator.NubanGeneratorTest.<init>(NubanGeneratorTest.java:13)
	at java.base/java.lang.reflect.Constructor.newInstanceWithCaller(Constructor.java:499)
	at java.base/java.lang.reflect.Constructor.newInstance(Constructor.java:483)
	at java.base/java.util.Optional.orElseGet(Optional.java:364)
	at java.base/java.util.ArrayList.forEach(ArrayList.java:1604)
	at java.base/java.util.ArrayList.forEach(ArrayList.java:1604)
]]></error>
  </testcase>
</testsuite>